<?xml version="1.0" encoding="UTF-8"?>
<testsuite xmlns:xsi="http://www.w3.org/2001/XMLSchema-instance" xsi:noNamespaceSchemaLocation="https://maven.apache.org/surefire/maven-surefire-plugin/xsd/surefire-test-report.xsd" name="com.hnt.service.UserServiceTest" time="0.081" tests="2" errors="0" skipped="0" failures="0">
  <properties>
[...]
</properties>
  <testcase name="testSaveForException" classname="com.hnt.service.UserServiceTest" time="0.072"/>
  <testcase name="testSave" classname="com.hnt.service.UserServiceTest" time="0.007"/>
</testsuite>